This is pdfTeX, Version 3.14159265-2.6-1.40.19 (MiKTeX 2.9.6800 64-bit) (preloaded format=pdflatex 2018.9.28)  7 OCT 2018 20:09
entering extended mode
**./Tesis.tex
(Tesis.tex
LaTeX2e <2018-04-01> patch level 5
("C:\Program Files\MiKTeX 2.9\tex\latex\base\book.cls"
Document Class: book 2014/09/29 v1.4h Standard LaTeX document class
("C:\Program Files\MiKTeX 2.9\tex\latex\base\bk12.clo"
File: bk12.clo 2014/09/29 v1.4h Standard LaTeX file (size option)
)
\c@part=\count80
\c@chapter=\count81
\c@section=\count82
\c@subsection=\count83
\c@subsubsection=\count84
\c@paragraph=\count85
\c@subparagraph=\count86
\c@figure=\count87
\c@table=\count88
\abovecaptionskip=\skip41
\belowcaptionskip=\skip42
\bibindent=\dimen102
) (tesis-epn.sty
Package: tesis-epn 2013/10/20

("C:\Program Files\MiKTeX 2.9\tex\latex\base\inputenc.sty"
Package: inputenc 2018/04/06 v1.3b Input encoding file
\inpenc@prehook=\toks14
\inpenc@posthook=\toks15

("C:\Program Files\MiKTeX 2.9\tex\latex\base\latin9.def"
File: latin9.def 2018/04/06 v1.3b Input encoding file
))
("C:\Program Files\MiKTeX 2.9\tex\latex\base\fontenc.sty"
Package: fontenc 2017/04/05 v2.0i Standard LaTeX package

("C:\Program Files\MiKTeX 2.9\tex\latex\base\t1enc.def"
File: t1enc.def 2017/04/05 v2.0i Standard LaTeX file
LaTeX Font Info:    Redeclaring font encoding T1 on input line 48.
))
("C:\Program Files\MiKTeX 2.9\tex\generic\babel\babel.sty"
Package: babel 2018/06/05 3.22 The Babel package

("C:\Program Files\MiKTeX 2.9\tex\generic\babel\switch.def"
File: switch.def 2018/06/05 3.22 Babel switching mechanism
)
*************************************
* Local config file bblopts.cfg used
*
("C:\Program Files\MiKTeX 2.9\tex\latex\arabi\bblopts.cfg"
File: bblopts.cfg 2005/09/08 v0.1 add Arabic and Farsi to "declared" options of
 babel
)
("C:\Program Files\MiKTeX 2.9\tex\latex\babel-english\english.ldf"
Language: english 2017/06/06 v3.3r English support from the babel system

("C:\Program Files\MiKTeX 2.9\tex\generic\babel\babel.def"
File: babel.def 2018/06/05 3.22 Babel common definitions
\babel@savecnt=\count89
\U@D=\dimen103

("C:\Program Files\MiKTeX 2.9\tex\generic\babel\txtbabel.def")
\bbl@dirlevel=\count90
)
\l@canadian = a dialect from \language\l@american 
\l@australian = a dialect from \language\l@british 
\l@newzealand = a dialect from \language\l@british 
)
("C:\Program Files\MiKTeX 2.9\tex\latex\babel-spanish\spanish.ldf"
Language: spanish.ldf 2016/03/03 v5.0p Spanish support from the babel system
\es@quottoks=\toks16
\es@quotdepth=\count91
Package babel Info: Making " an active character on input line 561.
Package babel Info: Making . an active character on input line 662.
Package babel Info: Making < an active character on input line 707.
Package babel Info: Making > an active character on input line 707.
))
("C:\Program Files\MiKTeX 2.9\tex\latex\base\ifthen.sty"
Package: ifthen 2014/09/29 v1.1c Standard LaTeX ifthen package (DPC)
)
("C:\Program Files\MiKTeX 2.9\tex\latex\fancyhdr\fancyhdr.sty"
Package: fancyhdr 2017/06/30 v3.9a Extensive control of page headers and footer
s
\f@nch@headwidth=\skip43
\f@nch@O@elh=\skip44
\f@nch@O@erh=\skip45
\f@nch@O@olh=\skip46
\f@nch@O@orh=\skip47
\f@nch@O@elf=\skip48
\f@nch@O@erf=\skip49
\f@nch@O@olf=\skip50
\f@nch@O@orf=\skip51
)
("C:\Program Files\MiKTeX 2.9\tex\latex\setspace\setspace.sty"
Package: setspace 2011/12/19 v6.7a set line spacing
)
("C:\Program Files\MiKTeX 2.9\tex\latex\textcase\textcase.sty"
Package: textcase 2004/10/07 v0.07 Text only upper/lower case changing (DPC)
)
("C:\Program Files\MiKTeX 2.9\tex\latex\url\url.sty"
\Urlmuskip=\muskip10
Package: url 2013/09/16  ver 3.4  Verb mode for urls, etc.
)
("C:\Program Files\MiKTeX 2.9\tex\latex\caption\caption.sty"
Package: caption 2018/05/01 v3.3-147 Customizing captions (AR)

("C:\Program Files\MiKTeX 2.9\tex\latex\caption\caption3.sty"
Package: caption3 2018/05/27 v1.8a caption3 kernel (AR)
Package caption3 Info: TeX engine: e-TeX on input line 64.

("C:\Program Files\MiKTeX 2.9\tex\latex\graphics\keyval.sty"
Package: keyval 2014/10/28 v1.15 key=value parser (DPC)
\KV@toks@=\toks17
)
\captionmargin=\dimen104
\captionmargin@=\dimen105
\captionwidth=\dimen106
\caption@tempdima=\dimen107
\caption@indent=\dimen108
\caption@parindent=\dimen109
\caption@hangindent=\dimen110
)
\c@ContinuedFloat=\count92
)
("C:\Program Files\MiKTeX 2.9\tex\latex\hyperref\hyperref.sty"
Package: hyperref 2018/02/06 v6.86b Hypertext links for LaTeX

("C:\Program Files\MiKTeX 2.9\tex\generic\oberdiek\hobsub-hyperref.sty"
Package: hobsub-hyperref 2016/05/16 v1.14 Bundle oberdiek, subset hyperref (HO)


("C:\Program Files\MiKTeX 2.9\tex\generic\oberdiek\hobsub-generic.sty"
Package: hobsub-generic 2016/05/16 v1.14 Bundle oberdiek, subset generic (HO)
Package: hobsub 2016/05/16 v1.14 Construct package bundles (HO)
Package: infwarerr 2016/05/16 v1.4 Providing info/warning/error messages (HO)
Package: ltxcmds 2016/05/16 v1.23 LaTeX kernel commands for general use (HO)
Package: ifluatex 2016/05/16 v1.4 Provides the ifluatex switch (HO)
Package ifluatex Info: LuaTeX not detected.
Package: ifvtex 2016/05/16 v1.6 Detect VTeX and its facilities (HO)
Package ifvtex Info: VTeX not detected.
Package: intcalc 2016/05/16 v1.2 Expandable calculations with integers (HO)
Package: ifpdf 2017/03/15 v3.2 Provides the ifpdf switch
Package: etexcmds 2016/05/16 v1.6 Avoid name clashes with e-TeX commands (HO)
Package etexcmds Info: Could not find \expanded.
(etexcmds)             That can mean that you are not using pdfTeX 1.50 or
(etexcmds)             that some package has redefined \expanded.
(etexcmds)             In the latter case, load this package earlier.
Package: kvsetkeys 2016/05/16 v1.17 Key value parser (HO)
Package: kvdefinekeys 2016/05/16 v1.4 Define keys (HO)
Package: pdftexcmds 2018/01/30 v0.27 Utility functions of pdfTeX for LuaTeX (HO
)
Package pdftexcmds Info: LuaTeX not detected.
Package pdftexcmds Info: \pdf@primitive is available.
Package pdftexcmds Info: \pdf@ifprimitive is available.
Package pdftexcmds Info: \pdfdraftmode found.
Package: pdfescape 2016/05/16 v1.14 Implements pdfTeX's escape features (HO)
Package: bigintcalc 2016/05/16 v1.4 Expandable calculations on big integers (HO
)
Package: bitset 2016/05/16 v1.2 Handle bit-vector datatype (HO)
Package: uniquecounter 2016/05/16 v1.3 Provide unlimited unique counter (HO)
)
Package hobsub Info: Skipping package `hobsub' (already loaded).
Package: letltxmacro 2016/05/16 v1.5 Let assignment for LaTeX macros (HO)
Package: hopatch 2016/05/16 v1.3 Wrapper for package hooks (HO)
Package: xcolor-patch 2016/05/16 xcolor patch
Package: atveryend 2016/05/16 v1.9 Hooks at the very end of document (HO)
Package atveryend Info: \enddocument detected (standard20110627).
Package: atbegshi 2016/06/09 v1.18 At begin shipout hook (HO)
Package: refcount 2016/05/16 v3.5 Data extraction from label references (HO)
Package: hycolor 2016/05/16 v1.8 Color options for hyperref/bookmark (HO)
)
("C:\Program Files\MiKTeX 2.9\tex\generic\ifxetex\ifxetex.sty"
Package: ifxetex 2010/09/12 v0.6 Provides ifxetex conditional
)
("C:\Program Files\MiKTeX 2.9\tex\latex\oberdiek\auxhook.sty"
Package: auxhook 2016/05/16 v1.4 Hooks for auxiliary files (HO)
)
("C:\Program Files\MiKTeX 2.9\tex\latex\oberdiek\kvoptions.sty"
Package: kvoptions 2016/05/16 v3.12 Key value format for package options (HO)
)
\@linkdim=\dimen111
\Hy@linkcounter=\count93
\Hy@pagecounter=\count94

("C:\Program Files\MiKTeX 2.9\tex\latex\hyperref\pd1enc.def"
File: pd1enc.def 2018/02/06 v6.86b Hyperref: PDFDocEncoding definition (HO)
Now handling font encoding PD1 ...
... no UTF-8 mapping file for font encoding PD1
)
\Hy@SavedSpaceFactor=\count95

("C:\Program Files\MiKTeX 2.9\tex\latex\00miktex\hyperref.cfg"
File: hyperref.cfg 2002/06/06 v1.2 hyperref configuration of TeXLive
)
Package hyperref Info: Option `colorlinks' set `true' on input line 4383.
Package hyperref Info: Option `breaklinks' set `true' on input line 4383.
Package hyperref Info: Option `bookmarks' set `true' on input line 4383.
Package hyperref Info: Hyper figures OFF on input line 4509.
Package hyperref Info: Link nesting OFF on input line 4514.
Package hyperref Info: Hyper index ON on input line 4517.
Package hyperref Info: Plain pages OFF on input line 4524.
Package hyperref Info: Backreferencing OFF on input line 4529.
Package hyperref Info: Implicit mode ON; LaTeX internals redefined.
Package hyperref Info: Bookmarks ON on input line 4762.
\c@Hy@tempcnt=\count96
LaTeX Info: Redefining \url on input line 5115.
\XeTeXLinkMargin=\dimen112
\Fld@menulength=\count97
\Field@Width=\dimen113
\Fld@charsize=\dimen114
Package hyperref Info: Hyper figures OFF on input line 6369.
Package hyperref Info: Link nesting OFF on input line 6374.
Package hyperref Info: Hyper index ON on input line 6377.
Package hyperref Info: backreferencing OFF on input line 6384.
Package hyperref Info: Link coloring ON on input line 6387.
Package hyperref Info: Link coloring with OCG OFF on input line 6394.
Package hyperref Info: PDF/A mode OFF on input line 6399.
LaTeX Info: Redefining \ref on input line 6439.
LaTeX Info: Redefining \pageref on input line 6443.
\Hy@abspage=\count98
\c@Item=\count99
\c@Hfootnote=\count100
)
Package hyperref Info: Driver (autodetected): hpdftex.

("C:\Program Files\MiKTeX 2.9\tex\latex\hyperref\hpdftex.def"
File: hpdftex.def 2018/02/06 v6.86b Hyperref driver for pdfTeX
\Fld@listcount=\count101
\c@bookmark@seq@number=\count102

("C:\Program Files\MiKTeX 2.9\tex\latex\oberdiek\rerunfilecheck.sty"
Package: rerunfilecheck 2016/05/16 v1.8 Rerun checks for auxiliary files (HO)
Package uniquecounter Info: New unique counter `rerunfilecheck' on input line 2
82.
)
\Hy@SectionHShift=\skip52
)
("C:\Program Files\MiKTeX 2.9\tex\latex\geometry\geometry.sty"
Package: geometry 2018/04/16 v5.8 Page Geometry
\Gm@cnth=\count103
\Gm@cntv=\count104
\c@Gm@tempcnt=\count105
\Gm@bindingoffset=\dimen115
\Gm@wd@mp=\dimen116
\Gm@odd@mp=\dimen117
\Gm@even@mp=\dimen118
\Gm@layoutwidth=\dimen119
\Gm@layoutheight=\dimen120
\Gm@layouthoffset=\dimen121
\Gm@layoutvoffset=\dimen122
\Gm@dimlist=\toks18

("C:\Program Files\MiKTeX 2.9\tex\latex\geometry\geometry.cfg"))
("C:\Program Files\MiKTeX 2.9\tex\latex\graphics\graphicx.sty"
Package: graphicx 2017/06/01 v1.1a Enhanced LaTeX Graphics (DPC,SPQR)

("C:\Program Files\MiKTeX 2.9\tex\latex\graphics\graphics.sty"
Package: graphics 2017/06/25 v1.2c Standard LaTeX Graphics (DPC,SPQR)

("C:\Program Files\MiKTeX 2.9\tex\latex\graphics\trig.sty"
Package: trig 2016/01/03 v1.10 sin cos tan (DPC)
)
("C:\Program Files\MiKTeX 2.9\tex\latex\graphics-cfg\graphics.cfg"
File: graphics.cfg 2016/06/04 v1.11 sample graphics configuration
)
Package graphics Info: Driver file: pdftex.def on input line 99.

("C:\Program Files\MiKTeX 2.9\tex\latex\graphics-def\pdftex.def"
File: pdftex.def 2018/01/08 v1.0l Graphics/color driver for pdftex
))
\Gin@req@height=\dimen123
\Gin@req@width=\dimen124
)
("C:\Program Files\MiKTeX 2.9\tex\latex\multirow\multirow.sty"
Package: multirow 2018/08/03 v2.3 Span multiple rows of a table
\multirow@colwidth=\skip53
\multirow@cntb=\count106
\multirow@dima=\skip54
\bigstrutjot=\dimen125
)
("C:\Program Files\MiKTeX 2.9\tex\latex\graphics\rotating.sty"
Package: rotating 2016/08/11 v2.16d rotated objects in LaTeX
\c@r@tfl@t=\count107
\rotFPtop=\skip55
\rotFPbot=\skip56
\rot@float@box=\box26
\rot@mess@toks=\toks19
)
("C:\Program Files\MiKTeX 2.9\tex\latex\float\float.sty"
Package: float 2001/11/08 v1.3d Float enhancements (AL)
\c@float@type=\count108
\float@exts=\toks20
\float@box=\box27
\@float@everytoks=\toks21
\@floatcapt=\box28
)
("C:\Program Files\MiKTeX 2.9\tex\latex\varwidth\varwidth.sty"
Package: varwidth 2009/03/30 ver 0.92;  Variable-width minipages
\@vwid@box=\box29
\sift@deathcycles=\count109
\@vwid@loff=\dimen126
\@vwid@roff=\dimen127
))
("C:\Program Files\MiKTeX 2.9\tex\latex\psnfss\mathpazo.sty"
Package: mathpazo 2005/04/12 PSNFSS-v9.2a Palatino w/ Pazo Math (D.Puga, WaS) 
\symupright=\mathgroup4
)
("C:\Program Files\MiKTeX 2.9\tex\latex\enumitem\enumitem.sty"
Package: enumitem 2011/09/28 v3.5.2 Customized lists
\labelindent=\skip57
\enit@outerparindent=\dimen128
\enit@toks=\toks22
\enit@inbox=\box30
\enitdp@description=\count110
)
("C:\Program Files\MiKTeX 2.9\tex\latex\amsmath\amsmath.sty"
Package: amsmath 2017/09/02 v2.17a AMS math features
\@mathmargin=\skip58

For additional information on amsmath, use the `?' option.
("C:\Program Files\MiKTeX 2.9\tex\latex\amsmath\amstext.sty"
Package: amstext 2000/06/29 v2.01 AMS text

("C:\Program Files\MiKTeX 2.9\tex\latex\amsmath\amsgen.sty"
File: amsgen.sty 1999/11/30 v2.0 generic functions
\@emptytoks=\toks23
\ex@=\dimen129
))
("C:\Program Files\MiKTeX 2.9\tex\latex\amsmath\amsbsy.sty"
Package: amsbsy 1999/11/29 v1.2d Bold Symbols
\pmbraise@=\dimen130
)
("C:\Program Files\MiKTeX 2.9\tex\latex\amsmath\amsopn.sty"
Package: amsopn 2016/03/08 v2.02 operator names
)
\inf@bad=\count111
LaTeX Info: Redefining \frac on input line 213.
\uproot@=\count112
\leftroot@=\count113
LaTeX Info: Redefining \overline on input line 375.
\classnum@=\count114
\DOTSCASE@=\count115
LaTeX Info: Redefining \ldots on input line 472.
LaTeX Info: Redefining \dots on input line 475.
LaTeX Info: Redefining \cdots on input line 596.
\Mathstrutbox@=\box31
\strutbox@=\box32
\big@size=\dimen131
LaTeX Font Info:    Redeclaring font encoding OML on input line 712.
LaTeX Font Info:    Redeclaring font encoding OMS on input line 713.
\macc@depth=\count116
\c@MaxMatrixCols=\count117
\dotsspace@=\muskip11
\c@parentequation=\count118
\dspbrk@lvl=\count119
\tag@help=\toks24
\row@=\count120
\column@=\count121
\maxfields@=\count122
\andhelp@=\toks25
\eqnshift@=\dimen132
\alignsep@=\dimen133
\tagshift@=\dimen134
\tagwidth@=\dimen135
\totwidth@=\dimen136
\lineht@=\dimen137
\@envbody=\toks26
\multlinegap=\skip59
\multlinetaggap=\skip60
\mathdisplay@stack=\toks27
LaTeX Info: Redefining \[ on input line 2817.
LaTeX Info: Redefining \] on input line 2818.
)
("C:\Program Files\MiKTeX 2.9\tex\latex\amsfonts\amssymb.sty"
Package: amssymb 2013/01/14 v3.01 AMS font symbols

("C:\Program Files\MiKTeX 2.9\tex\latex\amsfonts\amsfonts.sty"
Package: amsfonts 2013/01/14 v3.01 Basic AMSFonts support
\symAMSa=\mathgroup5
\symAMSb=\mathgroup6
LaTeX Font Info:    Overwriting math alphabet `\mathfrak' in version `bold'
(Font)                  U/euf/m/n --> U/euf/b/n on input line 106.
))
("C:\Program Files\MiKTeX 2.9\tex\latex\amscls\amsthm.sty"
Package: amsthm 2017/10/31 v2.20.4
\thm@style=\toks28
\thm@bodyfont=\toks29
\thm@headfont=\toks30
\thm@notefont=\toks31
\thm@headpunct=\toks32
\thm@preskip=\skip61
\thm@postskip=\skip62
\thm@headsep=\skip63
\dth@everypar=\toks33
)
("C:\Program Files\MiKTeX 2.9\tex\latex\xcolor\xcolor.sty"
Package: xcolor 2016/05/11 v2.12 LaTeX color extensions (UK)

("C:\Program Files\MiKTeX 2.9\tex\latex\graphics-cfg\color.cfg"
File: color.cfg 2016/01/02 v1.6 sample color configuration
)
Package xcolor Info: Driver file: pdftex.def on input line 225.
Package xcolor Info: Model `cmy' substituted by `cmy0' on input line 1348.
Package xcolor Info: Model `hsb' substituted by `rgb' on input line 1352.
Package xcolor Info: Model `RGB' extended on input line 1364.
Package xcolor Info: Model `HTML' substituted by `rgb' on input line 1366.
Package xcolor Info: Model `Hsb' substituted by `hsb' on input line 1367.
Package xcolor Info: Model `tHsb' substituted by `hsb' on input line 1368.
Package xcolor Info: Model `HSB' substituted by `hsb' on input line 1369.
Package xcolor Info: Model `Gray' substituted by `gray' on input line 1370.
Package xcolor Info: Model `wave' substituted by `hsb' on input line 1371.
)
("C:\Program Files\MiKTeX 2.9\tex\latex\cite\cite.sty"
LaTeX Info: Redefining \cite on input line 302.
LaTeX Info: Redefining \nocite on input line 332.
Package: cite 2015/02/27  v 5.5
) (comandos.tex
\c@ejemplo=\count123
\c@definicion=\count124
\c@axioma=\count125
\c@teorema=\count126
)
(Tesis.aux
LaTeX Info: Redefining \. on input line 23.
LaTeX Info: Redefining \% on input line 23.
 (Capitulos/Resumen.aux) (Capitulos/CapituloUNO.aux)
(Apendice/conclusiones.aux) (Apendice/Ape0.aux))
\openout1 = `Tesis.aux'.

LaTeX Font Info:    Checking defaults for OML/cmm/m/it on input line 31.
LaTeX Font Info:    ... okay on input line 31.
LaTeX Font Info:    Checking defaults for T1/cmr/m/n on input line 31.
LaTeX Font Info:    ... okay on input line 31.
LaTeX Font Info:    Checking defaults for OT1/cmr/m/n on input line 31.
LaTeX Font Info:    ... okay on input line 31.
LaTeX Font Info:    Checking defaults for OMS/cmsy/m/n on input line 31.
LaTeX Font Info:    ... okay on input line 31.
LaTeX Font Info:    Checking defaults for OMX/cmex/m/n on input line 31.
LaTeX Font Info:    ... okay on input line 31.
LaTeX Font Info:    Checking defaults for U/cmr/m/n on input line 31.
LaTeX Font Info:    ... okay on input line 31.
LaTeX Font Info:    Checking defaults for PD1/pdf/m/n on input line 31.
LaTeX Font Info:    ... okay on input line 31.
LaTeX Font Info:    Try loading font information for T1+ppl on input line 31.

("C:\Program Files\MiKTeX 2.9\tex\latex\psnfss\t1ppl.fd"
File: t1ppl.fd 2001/06/04 font definitions for T1/ppl.
)
LaTeX Info: Redefining \. on input line 31.
LaTeX Info: Redefining \% on input line 31.
Package caption Info: Begin \AtBeginDocument code.
Package caption Info: float package is loaded.
Package caption Info: hyperref package is loaded.
Package caption Info: rotating package is loaded.
Package caption Info: End \AtBeginDocument code.
\AtBeginShipoutBox=\box33
Package hyperref Info: Link coloring ON on input line 31.

("C:\Program Files\MiKTeX 2.9\tex\latex\hyperref\nameref.sty"
Package: nameref 2016/05/21 v2.44 Cross-referencing by name of section

("C:\Program Files\MiKTeX 2.9\tex\generic\oberdiek\gettitlestring.sty"
Package: gettitlestring 2016/05/16 v1.5 Cleanup title references (HO)
)
\c@section@level=\count127
)
LaTeX Info: Redefining \ref on input line 31.
LaTeX Info: Redefining \pageref on input line 31.
LaTeX Info: Redefining \nameref on input line 31.

(Tesis.out) (Tesis.out)
\@outlinefile=\write3
\openout3 = `Tesis.out'.


*geometry* driver: auto-detecting
*geometry* detected driver: pdftex
*geometry* verbose mode - [ preamble ] result:
* driver: pdftex
* paper: a4paper
* layout: <same size as paper>
* layoutoffset:(h,v)=(0.0pt,0.0pt)
* modes: 
* h-part:(L,W,R)=(85.35826pt, 441.01773pt, 71.13188pt)
* v-part:(T,H,B)=(85.35826pt, 688.5567pt, 71.13188pt)
* \paperwidth=597.50787pt
* \paperheight=845.04684pt
* \textwidth=441.01773pt
* \textheight=688.5567pt
* \oddsidemargin=13.08827pt
* \evensidemargin=13.08827pt
* \topmargin=-18.78552pt
* \headheight=12.0pt
* \headsep=19.8738pt
* \topskip=12.0pt
* \footskip=30.0pt
* \marginparwidth=47.0pt
* \marginparsep=7.0pt
* \columnsep=10.0pt
* \skip\footins=10.8pt plus 4.0pt minus 2.0pt
* \hoffset=0.0pt
* \voffset=0.0pt
* \mag=1000
* \@twocolumnfalse
* \@twosidefalse
* \@mparswitchfalse
* \@reversemarginfalse
* (1in=72.27pt=25.4mm, 1cm=28.453pt)

("C:\Program Files\MiKTeX 2.9\tex\context\base\supp-pdf.mkii"
[Loading MPS to PDF converter (version 2006.09.02).]
\scratchcounter=\count128
\scratchdimen=\dimen138
\scratchbox=\box34
\nofMPsegments=\count129
\nofMParguments=\count130
\everyMPshowfont=\toks34
\MPscratchCnt=\count131
\MPscratchDim=\dimen139
\MPnumerator=\count132
\makeMPintoPDFobject=\count133
\everyMPtoPDFconversion=\toks35
) ("C:\Program Files\MiKTeX 2.9\tex\latex\oberdiek\epstopdf-base.sty"
Package: epstopdf-base 2016/05/15 v2.6 Base part for package epstopdf

("C:\Program Files\MiKTeX 2.9\tex\latex\oberdiek\grfext.sty"
Package: grfext 2016/05/16 v1.2 Manage graphics extensions (HO)
)
Package epstopdf-base Info: Redefining graphics rule for `.eps' on input line 4
38.
Package grfext Info: Graphics extension search list:
(grfext)             [.pdf,.png,.jpg,.mps,.jpeg,.jbig2,.jb2,.PDF,.PNG,.JPG,.JPE
G,.JBIG2,.JB2,.eps]
(grfext)             \AppendGraphicsExtensions on input line 456.
)
LaTeX Font Info:    Font shape `T1/ppl/bx/n' in size <20.74> not available
(Font)              Font shape `T1/ppl/b/n' tried instead on input line 35.
LaTeX Font Info:    Try loading font information for T1+cmtt on input line 35.

("C:\Program Files\MiKTeX 2.9\tex\latex\base\t1cmtt.fd"
File: t1cmtt.fd 2014/09/29 v2.5h Standard LaTeX font definitions
)
LaTeX Font Info:    Try loading font information for OT1+ppl on input line 35.

("C:\Program Files\MiKTeX 2.9\tex\latex\psnfss\ot1ppl.fd"
File: ot1ppl.fd 2001/06/04 font definitions for OT1/ppl.
)
LaTeX Font Info:    Try loading font information for OML+zplm on input line 35.


("C:\Program Files\MiKTeX 2.9\tex\latex\psnfss\omlzplm.fd"
File: omlzplm.fd 2002/09/08 Fontinst v1.914 font definitions for OML/zplm.
)
LaTeX Font Info:    Try loading font information for OMS+zplm on input line 35.


("C:\Program Files\MiKTeX 2.9\tex\latex\psnfss\omszplm.fd"
File: omszplm.fd 2002/09/08 Fontinst v1.914 font definitions for OMS/zplm.
)
LaTeX Font Info:    Try loading font information for OMX+zplm on input line 35.


("C:\Program Files\MiKTeX 2.9\tex\latex\psnfss\omxzplm.fd"
File: omxzplm.fd 2002/09/08 Fontinst v1.914 font definitions for OMX/zplm.
)
LaTeX Font Info:    Try loading font information for OT1+zplm on input line 35.


("C:\Program Files\MiKTeX 2.9\tex\latex\psnfss\ot1zplm.fd"
File: ot1zplm.fd 2002/09/08 Fontinst v1.914 font definitions for OT1/zplm.
)
LaTeX Font Info:    Font shape `U/msa/m/n' will be
(Font)              scaled to size 12.50409pt on input line 35.
LaTeX Font Info:    Font shape `U/msa/m/n' will be
(Font)              scaled to size 9.37807pt on input line 35.
LaTeX Font Info:    Font shape `U/msa/m/n' will be
(Font)              scaled to size 7.29405pt on input line 35.
LaTeX Font Info:    Font shape `U/msb/m/n' will be
(Font)              scaled to size 12.50409pt on input line 35.
LaTeX Font Info:    Font shape `U/msb/m/n' will be
(Font)              scaled to size 9.37807pt on input line 35.
LaTeX Font Info:    Font shape `U/msb/m/n' will be
(Font)              scaled to size 7.29405pt on input line 35.
Package babel Info: Redefining spanish shorthand <<
(babel)             in language append on input line 35.
Package babel Info: Redefining spanish shorthand >>
(babel)             in language append on input line 35.
Package babel Info: Redefining spanish shorthand "=
(babel)             in language append on input line 35.
Package babel Info: Redefining spanish shorthand "~
(babel)             in language append on input line 35.
Package babel Info: Redefining spanish shorthand "!
(babel)             in language append on input line 35.
Package babel Info: Redefining spanish shorthand "?
(babel)             in language append on input line 35.
Package babel Info: Redefining spanish shorthand <<
(babel)             in language append on input line 35.
Package babel Info: Redefining spanish shorthand >>
(babel)             in language append on input line 35.
Package babel Info: Redefining spanish shorthand "=
(babel)             in language append on input line 35.
Package babel Info: Redefining spanish shorthand "~
(babel)             in language append on input line 35.
Package babel Info: Redefining spanish shorthand "!
(babel)             in language append on input line 35.
Package babel Info: Redefining spanish shorthand "?
(babel)             in language append on input line 35.
 [1


]
Package babel Info: Redefining spanish shorthand <<
(babel)             in language append on input line 35.
Package babel Info: Redefining spanish shorthand >>
(babel)             in language append on input line 35.
Package babel Info: Redefining spanish shorthand "=
(babel)             in language append on input line 35.
Package babel Info: Redefining spanish shorthand "~
(babel)             in language append on input line 35.
Package babel Info: Redefining spanish shorthand "!
(babel)             in language append on input line 35.
Package babel Info: Redefining spanish shorthand "?
(babel)             in language append on input line 35.
Package babel Info: Redefining spanish shorthand <<
(babel)             in language append on input line 35.
Package babel Info: Redefining spanish shorthand >>
(babel)             in language append on input line 35.
Package babel Info: Redefining spanish shorthand "=
(babel)             in language append on input line 35.
Package babel Info: Redefining spanish shorthand "~
(babel)             in language append on input line 35.
Package babel Info: Redefining spanish shorthand "!
(babel)             in language append on input line 35.
Package babel Info: Redefining spanish shorthand "?
(babel)             in language append on input line 35.
 [2{C:/Users/Asus/AppData/Local/MiKTeX/2.9/pdftex/config/pdftex.map}]
LaTeX Font Info:    Font shape `T1/ppl/bx/n' in size <12> not available
(Font)              Font shape `T1/ppl/b/n' tried instead on input line 36.

Underfull \hbox (badness 10000) in paragraph at lines 36--36

 []


Underfull \hbox (badness 10000) in paragraph at lines 36--36

 []

Package babel Info: Redefining spanish shorthand <<
(babel)             in language append on input line 36.
Package babel Info: Redefining spanish shorthand >>
(babel)             in language append on input line 36.
Package babel Info: Redefining spanish shorthand "=
(babel)             in language append on input line 36.
Package babel Info: Redefining spanish shorthand "~
(babel)             in language append on input line 36.
Package babel Info: Redefining spanish shorthand "!
(babel)             in language append on input line 36.
Package babel Info: Redefining spanish shorthand "?
(babel)             in language append on input line 36.
Package babel Info: Redefining spanish shorthand <<
(babel)             in language append on input line 36.
Package babel Info: Redefining spanish shorthand >>
(babel)             in language append on input line 36.
Package babel Info: Redefining spanish shorthand "=
(babel)             in language append on input line 36.
Package babel Info: Redefining spanish shorthand "~
(babel)             in language append on input line 36.
Package babel Info: Redefining spanish shorthand "!
(babel)             in language append on input line 36.
Package babel Info: Redefining spanish shorthand "?
(babel)             in language append on input line 36.
[3]
Underfull \hbox (badness 10000) in paragraph at lines 37--37

 []

Package babel Info: Redefining spanish shorthand <<
(babel)             in language append on input line 37.
Package babel Info: Redefining spanish shorthand >>
(babel)             in language append on input line 37.
Package babel Info: Redefining spanish shorthand "=
(babel)             in language append on input line 37.
Package babel Info: Redefining spanish shorthand "~
(babel)             in language append on input line 37.
Package babel Info: Redefining spanish shorthand "!
(babel)             in language append on input line 37.
Package babel Info: Redefining spanish shorthand "?
(babel)             in language append on input line 37.
Package babel Info: Redefining spanish shorthand <<
(babel)             in language append on input line 37.
Package babel Info: Redefining spanish shorthand >>
(babel)             in language append on input line 37.
Package babel Info: Redefining spanish shorthand "=
(babel)             in language append on input line 37.
Package babel Info: Redefining spanish shorthand "~
(babel)             in language append on input line 37.
Package babel Info: Redefining spanish shorthand "!
(babel)             in language append on input line 37.
Package babel Info: Redefining spanish shorthand "?
(babel)             in language append on input line 37.
[4]
Package babel Info: Redefining spanish shorthand <<
(babel)             in language append on input line 41.
Package babel Info: Redefining spanish shorthand >>
(babel)             in language append on input line 41.
Package babel Info: Redefining spanish shorthand "=
(babel)             in language append on input line 41.
Package babel Info: Redefining spanish shorthand "~
(babel)             in language append on input line 41.
Package babel Info: Redefining spanish shorthand "!
(babel)             in language append on input line 41.
Package babel Info: Redefining spanish shorthand "?
(babel)             in language append on input line 41.
Package babel Info: Redefining spanish shorthand <<
(babel)             in language append on input line 41.
Package babel Info: Redefining spanish shorthand >>
(babel)             in language append on input line 41.
Package babel Info: Redefining spanish shorthand "=
(babel)             in language append on input line 41.
Package babel Info: Redefining spanish shorthand "~
(babel)             in language append on input line 41.
Package babel Info: Redefining spanish shorthand "!
(babel)             in language append on input line 41.
Package babel Info: Redefining spanish shorthand "?
(babel)             in language append on input line 41.
 [5]
Package babel Info: Redefining spanish shorthand <<
(babel)             in language append on input line 45.
Package babel Info: Redefining spanish shorthand >>
(babel)             in language append on input line 45.
Package babel Info: Redefining spanish shorthand "=
(babel)             in language append on input line 45.
Package babel Info: Redefining spanish shorthand "~
(babel)             in language append on input line 45.
Package babel Info: Redefining spanish shorthand "!
(babel)             in language append on input line 45.
Package babel Info: Redefining spanish shorthand "?
(babel)             in language append on input line 45.
Package babel Info: Redefining spanish shorthand <<
(babel)             in language append on input line 45.
Package babel Info: Redefining spanish shorthand >>
(babel)             in language append on input line 45.
Package babel Info: Redefining spanish shorthand "=
(babel)             in language append on input line 45.
Package babel Info: Redefining spanish shorthand "~
(babel)             in language append on input line 45.
Package babel Info: Redefining spanish shorthand "!
(babel)             in language append on input line 45.
Package babel Info: Redefining spanish shorthand "?
(babel)             in language append on input line 45.
 [6]
LaTeX Font Info:    Font shape `T1/ppl/bx/n' in size <24.88> not available
(Font)              Font shape `T1/ppl/b/n' tried instead on input line 48.
 (Tesis.toc
LaTeX Info: Redefining \. on input line 1.
LaTeX Info: Redefining \% on input line 1.
LaTeX Font Info:    Font shape `T1/ppl/bx/sc' in size <12> not available
(Font)              Font shape `T1/ppl/b/sc' tried instead on input line 2.
)
\tf@toc=\write4
\openout4 = `Tesis.toc'.

Package babel Info: Redefining spanish shorthand <<
(babel)             in language append on input line 49.
Package babel Info: Redefining spanish shorthand >>
(babel)             in language append on input line 49.
Package babel Info: Redefining spanish shorthand "=
(babel)             in language append on input line 49.
Package babel Info: Redefining spanish shorthand "~
(babel)             in language append on input line 49.
Package babel Info: Redefining spanish shorthand "!
(babel)             in language append on input line 49.
Package babel Info: Redefining spanish shorthand "?
(babel)             in language append on input line 49.
Package babel Info: Redefining spanish shorthand <<
(babel)             in language append on input line 49.
Package babel Info: Redefining spanish shorthand >>
(babel)             in language append on input line 49.
Package babel Info: Redefining spanish shorthand "=
(babel)             in language append on input line 49.
Package babel Info: Redefining spanish shorthand "~
(babel)             in language append on input line 49.
Package babel Info: Redefining spanish shorthand "!
(babel)             in language append on input line 49.
Package babel Info: Redefining spanish shorthand "?
(babel)             in language append on input line 49.
 [7

] (Tesis.lof
LaTeX Info: Redefining \. on input line 1.
LaTeX Info: Redefining \% on input line 1.
)
\tf@lof=\write5
\openout5 = `Tesis.lof'.

Package babel Info: Redefining spanish shorthand <<
(babel)             in language append on input line 50.
Package babel Info: Redefining spanish shorthand >>
(babel)             in language append on input line 50.
Package babel Info: Redefining spanish shorthand "=
(babel)             in language append on input line 50.
Package babel Info: Redefining spanish shorthand "~
(babel)             in language append on input line 50.
Package babel Info: Redefining spanish shorthand "!
(babel)             in language append on input line 50.
Package babel Info: Redefining spanish shorthand "?
(babel)             in language append on input line 50.
Package babel Info: Redefining spanish shorthand <<
(babel)             in language append on input line 50.
Package babel Info: Redefining spanish shorthand >>
(babel)             in language append on input line 50.
Package babel Info: Redefining spanish shorthand "=
(babel)             in language append on input line 50.
Package babel Info: Redefining spanish shorthand "~
(babel)             in language append on input line 50.
Package babel Info: Redefining spanish shorthand "!
(babel)             in language append on input line 50.
Package babel Info: Redefining spanish shorthand "?
(babel)             in language append on input line 50.
 [8

] (Tesis.lot
LaTeX Info: Redefining \. on input line 1.
LaTeX Info: Redefining \% on input line 1.
)
\tf@lot=\write6
\openout6 = `Tesis.lot'.

Package babel Info: Redefining spanish shorthand <<
(babel)             in language append on input line 51.
Package babel Info: Redefining spanish shorthand >>
(babel)             in language append on input line 51.
Package babel Info: Redefining spanish shorthand "=
(babel)             in language append on input line 51.
Package babel Info: Redefining spanish shorthand "~
(babel)             in language append on input line 51.
Package babel Info: Redefining spanish shorthand "!
(babel)             in language append on input line 51.
Package babel Info: Redefining spanish shorthand "?
(babel)             in language append on input line 51.
Package babel Info: Redefining spanish shorthand <<
(babel)             in language append on input line 51.
Package babel Info: Redefining spanish shorthand >>
(babel)             in language append on input line 51.
Package babel Info: Redefining spanish shorthand "=
(babel)             in language append on input line 51.
Package babel Info: Redefining spanish shorthand "~
(babel)             in language append on input line 51.
Package babel Info: Redefining spanish shorthand "!
(babel)             in language append on input line 51.
Package babel Info: Redefining spanish shorthand "?
(babel)             in language append on input line 51.
 [9

]
\openout2 = `Capitulos/Resumen.aux'.


(Capitulos/Resumen.tex
Package babel Info: Redefining spanish shorthand <<
(babel)             in language append on input line 3.
Package babel Info: Redefining spanish shorthand >>
(babel)             in language append on input line 3.
Package babel Info: Redefining spanish shorthand "=
(babel)             in language append on input line 3.
Package babel Info: Redefining spanish shorthand "~
(babel)             in language append on input line 3.
Package babel Info: Redefining spanish shorthand "!
(babel)             in language append on input line 3.
Package babel Info: Redefining spanish shorthand "?
(babel)             in language append on input line 3.
Package babel Info: Redefining spanish shorthand <<
(babel)             in language append on input line 5.
Package babel Info: Redefining spanish shorthand >>
(babel)             in language append on input line 5.
Package babel Info: Redefining spanish shorthand "=
(babel)             in language append on input line 5.
Package babel Info: Redefining spanish shorthand "~
(babel)             in language append on input line 5.
Package babel Info: Redefining spanish shorthand "!
(babel)             in language append on input line 5.
Package babel Info: Redefining spanish shorthand "?
(babel)             in language append on input line 5.
Package babel Info: Redefining spanish shorthand <<
(babel)             in language append on input line 5.
Package babel Info: Redefining spanish shorthand >>
(babel)             in language append on input line 5.
Package babel Info: Redefining spanish shorthand "=
(babel)             in language append on input line 5.
Package babel Info: Redefining spanish shorthand "~
(babel)             in language append on input line 5.
Package babel Info: Redefining spanish shorthand "!
(babel)             in language append on input line 5.
Package babel Info: Redefining spanish shorthand "?
(babel)             in language append on input line 5.
 [10


]
Package babel Info: Redefining spanish shorthand <<
(babel)             in language append on input line 7.
Package babel Info: Redefining spanish shorthand >>
(babel)             in language append on input line 7.
Package babel Info: Redefining spanish shorthand "=
(babel)             in language append on input line 7.
Package babel Info: Redefining spanish shorthand "~
(babel)             in language append on input line 7.
Package babel Info: Redefining spanish shorthand "!
(babel)             in language append on input line 7.
Package babel Info: Redefining spanish shorthand "?
(babel)             in language append on input line 7.
)
Package babel Info: Redefining spanish shorthand <<
(babel)             in language append on input line 51.
Package babel Info: Redefining spanish shorthand >>
(babel)             in language append on input line 51.
Package babel Info: Redefining spanish shorthand "=
(babel)             in language append on input line 51.
Package babel Info: Redefining spanish shorthand "~
(babel)             in language append on input line 51.
Package babel Info: Redefining spanish shorthand "!
(babel)             in language append on input line 51.
Package babel Info: Redefining spanish shorthand "?
(babel)             in language append on input line 51.
Package babel Info: Redefining spanish shorthand <<
(babel)             in language append on input line 51.
Package babel Info: Redefining spanish shorthand >>
(babel)             in language append on input line 51.
Package babel Info: Redefining spanish shorthand "=
(babel)             in language append on input line 51.
Package babel Info: Redefining spanish shorthand "~
(babel)             in language append on input line 51.
Package babel Info: Redefining spanish shorthand "!
(babel)             in language append on input line 51.
Package babel Info: Redefining spanish shorthand "?
(babel)             in language append on input line 51.
 [11

]
\openout2 = `Capitulos/CapituloUNO.aux'.

 (Capitulos/CapituloUNO.tex
Cap\'{\i }tulo 1.
Package babel Info: Redefining spanish shorthand <<
(babel)             in language append on input line 1.
Package babel Info: Redefining spanish shorthand >>
(babel)             in language append on input line 1.
Package babel Info: Redefining spanish shorthand "=
(babel)             in language append on input line 1.
Package babel Info: Redefining spanish shorthand "~
(babel)             in language append on input line 1.
Package babel Info: Redefining spanish shorthand "!
(babel)             in language append on input line 1.
Package babel Info: Redefining spanish shorthand "?
(babel)             in language append on input line 1.
<Imagenes/supermartingala0.png, id=96, 421.575pt x 316.18124pt>
File: Imagenes/supermartingala0.png Graphic file (type png)
<use Imagenes/supermartingala0.png>
Package pdftex.def Info: Imagenes/supermartingala0.png  used on input line 9.
(pdftex.def)             Requested size: 369.88582pt x 277.42018pt.
)
Package babel Info: Redefining spanish shorthand <<
(babel)             in language append on input line 57.
Package babel Info: Redefining spanish shorthand >>
(babel)             in language append on input line 57.
Package babel Info: Redefining spanish shorthand "=
(babel)             in language append on input line 57.
Package babel Info: Redefining spanish shorthand "~
(babel)             in language append on input line 57.
Package babel Info: Redefining spanish shorthand "!
(babel)             in language append on input line 57.
Package babel Info: Redefining spanish shorthand "?
(babel)             in language append on input line 57.
Package babel Info: Redefining spanish shorthand <<
(babel)             in language append on input line 57.
Package babel Info: Redefining spanish shorthand >>
(babel)             in language append on input line 57.
Package babel Info: Redefining spanish shorthand "=
(babel)             in language append on input line 57.
Package babel Info: Redefining spanish shorthand "~
(babel)             in language append on input line 57.
Package babel Info: Redefining spanish shorthand "!
(babel)             in language append on input line 57.
Package babel Info: Redefining spanish shorthand "?
(babel)             in language append on input line 57.
 [1




]
Package babel Info: Redefining spanish shorthand <<
(babel)             in language append on input line 57.
Package babel Info: Redefining spanish shorthand >>
(babel)             in language append on input line 57.
Package babel Info: Redefining spanish shorthand "=
(babel)             in language append on input line 57.
Package babel Info: Redefining spanish shorthand "~
(babel)             in language append on input line 57.
Package babel Info: Redefining spanish shorthand "!
(babel)             in language append on input line 57.
Package babel Info: Redefining spanish shorthand "?
(babel)             in language append on input line 57.
Package babel Info: Redefining spanish shorthand <<
(babel)             in language append on input line 57.
Package babel Info: Redefining spanish shorthand >>
(babel)             in language append on input line 57.
Package babel Info: Redefining spanish shorthand "=
(babel)             in language append on input line 57.
Package babel Info: Redefining spanish shorthand "~
(babel)             in language append on input line 57.
Package babel Info: Redefining spanish shorthand "!
(babel)             in language append on input line 57.
Package babel Info: Redefining spanish shorthand "?
(babel)             in language append on input line 57.
 [2 <./Imagenes/supermartingala0.png (PNG copy)>]
\openout2 = `Apendice/conclusiones.aux'.


(Apendice/conclusiones.tex
Cap\'{\i }tulo 2.
Package babel Info: Redefining spanish shorthand <<
(babel)             in language append on input line 1.
Package babel Info: Redefining spanish shorthand >>
(babel)             in language append on input line 1.
Package babel Info: Redefining spanish shorthand "=
(babel)             in language append on input line 1.
Package babel Info: Redefining spanish shorthand "~
(babel)             in language append on input line 1.
Package babel Info: Redefining spanish shorthand "!
(babel)             in language append on input line 1.
Package babel Info: Redefining spanish shorthand "?
(babel)             in language append on input line 1.
LaTeX Font Info:    Font shape `T1/ppl/bx/n' in size <17.28> not available
(Font)              Font shape `T1/ppl/b/n' tried instead on input line 4.
Package babel Info: Redefining spanish shorthand <<
(babel)             in language append on input line 4.
Package babel Info: Redefining spanish shorthand >>
(babel)             in language append on input line 4.
Package babel Info: Redefining spanish shorthand "=
(babel)             in language append on input line 4.
Package babel Info: Redefining spanish shorthand "~
(babel)             in language append on input line 4.
Package babel Info: Redefining spanish shorthand "!
(babel)             in language append on input line 4.
Package babel Info: Redefining spanish shorthand "?
(babel)             in language append on input line 4.
Package babel Info: Redefining spanish shorthand <<
(babel)             in language append on input line 5.
Package babel Info: Redefining spanish shorthand >>
(babel)             in language append on input line 5.
Package babel Info: Redefining spanish shorthand "=
(babel)             in language append on input line 5.
Package babel Info: Redefining spanish shorthand "~
(babel)             in language append on input line 5.
Package babel Info: Redefining spanish shorthand "!
(babel)             in language append on input line 5.
Package babel Info: Redefining spanish shorthand "?
(babel)             in language append on input line 5.
)
Package babel Info: Redefining spanish shorthand <<
(babel)             in language append on input line 58.
Package babel Info: Redefining spanish shorthand >>
(babel)             in language append on input line 58.
Package babel Info: Redefining spanish shorthand "=
(babel)             in language append on input line 58.
Package babel Info: Redefining spanish shorthand "~
(babel)             in language append on input line 58.
Package babel Info: Redefining spanish shorthand "!
(babel)             in language append on input line 58.
Package babel Info: Redefining spanish shorthand "?
(babel)             in language append on input line 58.
Package babel Info: Redefining spanish shorthand <<
(babel)             in language append on input line 58.
Package babel Info: Redefining spanish shorthand >>
(babel)             in language append on input line 58.
Package babel Info: Redefining spanish shorthand "=
(babel)             in language append on input line 58.
Package babel Info: Redefining spanish shorthand "~
(babel)             in language append on input line 58.
Package babel Info: Redefining spanish shorthand "!
(babel)             in language append on input line 58.
Package babel Info: Redefining spanish shorthand "?
(babel)             in language append on input line 58.
 [3



]
\openout2 = `Apendice/Ape0.aux'.

 (Apendice/Ape0.tex)
Package babel Info: Redefining spanish shorthand <<
(babel)             in language append on input line 61.
Package babel Info: Redefining spanish shorthand >>
(babel)             in language append on input line 61.
Package babel Info: Redefining spanish shorthand "=
(babel)             in language append on input line 61.
Package babel Info: Redefining spanish shorthand "~
(babel)             in language append on input line 61.
Package babel Info: Redefining spanish shorthand "!
(babel)             in language append on input line 61.
Package babel Info: Redefining spanish shorthand "?
(babel)             in language append on input line 61.
Package babel Info: Redefining spanish shorthand <<
(babel)             in language append on input line 61.
Package babel Info: Redefining spanish shorthand >>
(babel)             in language append on input line 61.
Package babel Info: Redefining spanish shorthand "=
(babel)             in language append on input line 61.
Package babel Info: Redefining spanish shorthand "~
(babel)             in language append on input line 61.
Package babel Info: Redefining spanish shorthand "!
(babel)             in language append on input line 61.
Package babel Info: Redefining spanish shorthand "?
(babel)             in language append on input line 61.
 [4



]
Package babel Info: Redefining spanish shorthand <<
(babel)             in language append on input line 65.
Package babel Info: Redefining spanish shorthand >>
(babel)             in language append on input line 65.
Package babel Info: Redefining spanish shorthand "=
(babel)             in language append on input line 65.
Package babel Info: Redefining spanish shorthand "~
(babel)             in language append on input line 65.
Package babel Info: Redefining spanish shorthand "!
(babel)             in language append on input line 65.
Package babel Info: Redefining spanish shorthand "?
(babel)             in language append on input line 65.
 (Tesis.bbl
Package babel Info: Redefining spanish shorthand <<
(babel)             in language append on input line 69.
Package babel Info: Redefining spanish shorthand >>
(babel)             in language append on input line 69.
Package babel Info: Redefining spanish shorthand "=
(babel)             in language append on input line 69.
Package babel Info: Redefining spanish shorthand "~
(babel)             in language append on input line 69.
Package babel Info: Redefining spanish shorthand "!
(babel)             in language append on input line 69.
Package babel Info: Redefining spanish shorthand "?
(babel)             in language append on input line 69.
Package babel Info: Redefining spanish shorthand <<
(babel)             in language append on input line 69.
Package babel Info: Redefining spanish shorthand >>
(babel)             in language append on input line 69.
Package babel Info: Redefining spanish shorthand "=
(babel)             in language append on input line 69.
Package babel Info: Redefining spanish shorthand "~
(babel)             in language append on input line 69.
Package babel Info: Redefining spanish shorthand "!
(babel)             in language append on input line 69.
Package babel Info: Redefining spanish shorthand "?
(babel)             in language append on input line 69.
 [5


])
Package atveryend Info: Empty hook `BeforeClearDocument' on input line 68.
Package babel Info: Redefining spanish shorthand <<
(babel)             in language append on input line 68.
Package babel Info: Redefining spanish shorthand >>
(babel)             in language append on input line 68.
Package babel Info: Redefining spanish shorthand "=
(babel)             in language append on input line 68.
Package babel Info: Redefining spanish shorthand "~
(babel)             in language append on input line 68.
Package babel Info: Redefining spanish shorthand "!
(babel)             in language append on input line 68.
Package babel Info: Redefining spanish shorthand "?
(babel)             in language append on input line 68.
Package babel Info: Redefining spanish shorthand <<
(babel)             in language append on input line 68.
Package babel Info: Redefining spanish shorthand >>
(babel)             in language append on input line 68.
Package babel Info: Redefining spanish shorthand "=
(babel)             in language append on input line 68.
Package babel Info: Redefining spanish shorthand "~
(babel)             in language append on input line 68.
Package babel Info: Redefining spanish shorthand "!
(babel)             in language append on input line 68.
Package babel Info: Redefining spanish shorthand "?
(babel)             in language append on input line 68.
 [6]
Package atveryend Info: Empty hook `AfterLastShipout' on input line 68.
 (Tesis.aux
LaTeX Info: Redefining \. on input line 23.
LaTeX Info: Redefining \% on input line 23.

(Capitulos/Resumen.aux) (Capitulos/CapituloUNO.aux) (Apendice/conclusiones.aux)
(Apendice/Ape0.aux))
Package atveryend Info: Executing hook `AtVeryEndDocument' on input line 68.
Package atveryend Info: Executing hook `AtEndAfterFileList' on input line 68.
Package rerunfilecheck Info: File `Tesis.out' has not changed.
(rerunfilecheck)             Checksum: 0550661D7D6516A6BD9AF1DC8F40E63B;373.
Package atveryend Info: Empty hook `AtVeryVeryEnd' on input line 68.
 ) 
Here is how much of TeX's memory you used:
 10181 strings out of 492973
 150026 string characters out of 3135935
 256017 words of memory out of 3000000
 13787 multiletter control sequences out of 15000+200000
 30216 words of font info for 60 fonts, out of 3000000 for 9000
 1141 hyphenation exceptions out of 8191
 43i,6n,45p,310b,469s stack positions out of 5000i,500n,10000p,200000b,50000s
{C:/Program Files/MiKTeX 2.9/fonts/enc/dvips/base/8r.enc} <C:\Users\Asus\AppD
ata\Local\MiKTeX\2.9\fonts\pk\ljfour\jknappen\ec\dpi600\ectt1200.pk><C:/Program
 Files/MiKTeX 2.9/fonts/type1/urw/palatino/uplb8a.pfb><C:/Program Files/MiKTeX 
2.9/fonts/type1/urw/palatino/uplr8a.pfb><C:/Program Files/MiKTeX 2.9/fonts/type
1/urw/palatino/uplri8a.pfb>
Output written on Tesis.pdf (17 pages, 97363 bytes).
PDF statistics:
 187 PDF objects out of 1000 (max. 8388607)
 48 named destinations out of 1000 (max. 500000)
 62 words of extra memory for PDF output out of 10000 (max. 10000000)

